<?xml version="1.0" encoding="UTF-8"?>
<!-- Generated by org.testng.reporters.JUnitXMLReporter -->
<testsuite hostname="LAPTOP-K6DCR1DD" name="Test" tests="169" failures="0" timestamp="8 May 2019 10:13:16 GMT" time="1123.384" errors="0">
  <testcase name="@BeforeMethod DashBoardSetUp" time="0.0" classname="com.Shopcartt.qa.Tests.DashBoardTestCases">
    <failure type="org.openqa.selenium.TimeoutException" message="timeout
  (Session info: chrome=74.0.3729.131)
  (Driver info: chromedriver=74.0.3729.6 (255758eccf3d244491b8a1317aa76e1ce10d57e9-refs/branch-heads/3729@{#29}),platform=Windows NT 10.0.17134 x86_64) (WARNING: The server did not provide any stacktrace information)
Command duration or timeout: 30.28 seconds
Build info: version: &amp;apos;2.53.0&amp;apos;, revision: &amp;apos;35ae25b1534ae328c771e0856c93e187490ca824&amp;apos;, time: &amp;apos;2016-03-15 10:43:46&amp;apos;
System info: host: &amp;apos;LAPTOP-K6DCR1DD&amp;apos;, ip: &amp;apos;192.168.0.140&amp;apos;, os.name: &amp;apos;Windows 10&amp;apos;, os.arch: &amp;apos;amd64&amp;apos;, os.version: &amp;apos;10.0&amp;apos;, java.version: &amp;apos;1.8.0_131&amp;apos;
Driver info: org.openqa.selenium.chrome.ChromeDriver
Capabilities [{mobileEmulationEnabled=false, timeouts={implicit=0, pageLoad=300000, script=30000}, hasTouchScreen=false, platform=XP, acceptSslCerts=false, goog:chromeOptions={debuggerAddress=localhost:58089}, acceptInsecureCerts=false, webStorageEnabled=true, browserName=chrome, takesScreenshot=true, javascriptEnabled=true, setWindowRect=true, unexpectedAlertBehaviour=ignore, applicationCacheEnabled=false, rotatable=false, networkConnectionEnabled=false, chrome={chromedriverVersion=74.0.3729.6 (255758eccf3d244491b8a1317aa76e1ce10d57e9-refs/branch-heads/3729@{#29}), userDataDir=C:\Users\hp\AppData\Local\Temp\scoped_dir30692_27504}, takesHeapSnapshot=true, pageLoadStrategy=normal, strictFileInteractability=false, databaseEnabled=false, handlesAlerts=true, version=74.0.3729.131, browserConnectionEnabled=false, proxy={}, nativeEvents=true, locationContextEnabled=true, cssSelectorsEnabled=true}]
Session ID: f81c00073c3b7ae731c756fac8e9ec4b">
      <![CDATA[org.openqa.selenium.TimeoutException: timeout
  (Session info: chrome=74.0.3729.131)
  (Driver info: chromedriver=74.0.3729.6 (255758eccf3d244491b8a1317aa76e1ce10d57e9-refs/branch-heads/3729@{#29}),platform=Windows NT 10.0.17134 x86_64) (WARNING: The server did not provide any stacktrace information)
Command duration or timeout: 30.28 seconds
Build info: version: '2.53.0', revision: '35ae25b1534ae328c771e0856c93e187490ca824', time: '2016-03-15 10:43:46'
System info: host: 'LAPTOP-K6DCR1DD', ip: '192.168.0.140', os.name: 'Windows 10', os.arch: 'amd64', os.version: '10.0', java.version: '1.8.0_131'
Driver info: org.openqa.selenium.chrome.ChromeDriver
Capabilities [{mobileEmulationEnabled=false, timeouts={implicit=0, pageLoad=300000, script=30000}, hasTouchScreen=false, platform=XP, acceptSslCerts=false, goog:chromeOptions={debuggerAddress=localhost:58089}, acceptInsecureCerts=false, webStorageEnabled=true, browserName=chrome, takesScreenshot=true, javascriptEnabled=true, setWindowRect=true, unexpectedAlertBehaviour=ignore, applicationCacheEnabled=false, rotatable=false, networkConnectionEnabled=false, chrome={chromedriverVersion=74.0.3729.6 (255758eccf3d244491b8a1317aa76e1ce10d57e9-refs/branch-heads/3729@{#29}), userDataDir=C:\Users\hp\AppData\Local\Temp\scoped_dir30692_27504}, takesHeapSnapshot=true, pageLoadStrategy=normal, strictFileInteractability=false, databaseEnabled=false, handlesAlerts=true, version=74.0.3729.131, browserConnectionEnabled=false, proxy={}, nativeEvents=true, locationContextEnabled=true, cssSelectorsEnabled=true}]
Session ID: f81c00073c3b7ae731c756fac8e9ec4b
	at org.openqa.selenium.remote.ErrorHandler.createThrowable(ErrorHandler.java:206)
	at org.openqa.selenium.remote.ErrorHandler.throwIfResponseFailed(ErrorHandler.java:158)
	at org.openqa.selenium.remote.RemoteWebDriver.execute(RemoteWebDriver.java:678)
	at org.openqa.selenium.remote.RemoteWebDriver.get(RemoteWebDriver.java:316)
	at com.shopcartt.qa.Base.TestBase.Intialization(TestBase.java:53)
	at com.Shopcartt.qa.Tests.DashBoardTestCases.DashBoardSetUp(DashBoardTestCases.java:27)
... Removed 30 stack frames]]>
    </failure>
  </testcase> <!-- @BeforeMethod DashBoardSetUp -->
  <testcase name="@AfterMethod CloseSetUp" time="0.0" classname="com.Shopcartt.qa.Tests.DashBoardTestCases">
    <skipped/>
  </testcase> <!-- @AfterMethod CloseSetUp -->
  <testcase name="@BeforeMethod DashBoardSetUp" time="0.0" classname="com.Shopcartt.qa.Tests.DashBoardTestCases">
    <skipped/>
  </testcase> <!-- @BeforeMethod DashBoardSetUp -->
  <testcase name="@AfterMethod CloseSetUp" time="0.0" classname="com.Shopcartt.qa.Tests.DashBoardTestCases">
    <skipped/>
  </testcase> <!-- @AfterMethod CloseSetUp -->
  <testcase name="@BeforeMethod DashBoardSetUp" time="0.0" classname="com.Shopcartt.qa.Tests.DashBoardTestCases">
    <skipped/>
  </testcase> <!-- @BeforeMethod DashBoardSetUp -->
  <testcase name="@AfterMethod CloseSetUp" time="0.0" classname="com.Shopcartt.qa.Tests.DashBoardTestCases">
    <skipped/>
  </testcase> <!-- @AfterMethod CloseSetUp -->
  <testcase name="@BeforeMethod DashBoardSetUp" time="0.0" classname="com.Shopcartt.qa.Tests.DashBoardTestCases">
    <skipped/>
  </testcase> <!-- @BeforeMethod DashBoardSetUp -->
  <testcase name="@AfterMethod CloseSetUp" time="0.0" classname="com.Shopcartt.qa.Tests.DashBoardTestCases">
    <skipped/>
  </testcase> <!-- @AfterMethod CloseSetUp -->
  <testcase name="@BeforeMethod DashBoardSetUp" time="0.0" classname="com.Shopcartt.qa.Tests.DashBoardTestCases">
    <skipped/>
  </testcase> <!-- @BeforeMethod DashBoardSetUp -->
  <testcase name="@AfterMethod CloseSetUp" time="0.0" classname="com.Shopcartt.qa.Tests.DashBoardTestCases">
    <skipped/>
  </testcase> <!-- @AfterMethod CloseSetUp -->
  <testcase name="@BeforeMethod DashBoardSetUp" time="0.0" classname="com.Shopcartt.qa.Tests.DashBoardTestCases">
    <skipped/>
  </testcase> <!-- @BeforeMethod DashBoardSetUp -->
  <testcase name="@AfterMethod CloseSetUp" time="0.0" classname="com.Shopcartt.qa.Tests.DashBoardTestCases">
    <skipped/>
  </testcase> <!-- @AfterMethod CloseSetUp -->
  <testcase name="@BeforeMethod DashBoardSetUp" time="0.0" classname="com.Shopcartt.qa.Tests.DashBoardTestCases">
    <skipped/>
  </testcase> <!-- @BeforeMethod DashBoardSetUp -->
  <testcase name="@AfterMethod CloseSetUp" time="0.0" classname="com.Shopcartt.qa.Tests.DashBoardTestCases">
    <skipped/>
  </testcase> <!-- @AfterMethod CloseSetUp -->
  <testcase name="@BeforeMethod DashBoardSetUp" time="0.0" classname="com.Shopcartt.qa.Tests.DashBoardTestCases">
    <skipped/>
  </testcase> <!-- @BeforeMethod DashBoardSetUp -->
  <testcase name="@AfterMethod CloseSetUp" time="0.0" classname="com.Shopcartt.qa.Tests.DashBoardTestCases">
    <skipped/>
  </testcase> <!-- @AfterMethod CloseSetUp -->
  <testcase name="@BeforeMethod DashBoardSetUp" time="0.0" classname="com.Shopcartt.qa.Tests.DashBoardTestCases">
    <skipped/>
  </testcase> <!-- @BeforeMethod DashBoardSetUp -->
  <testcase name="@AfterMethod CloseSetUp" time="0.0" classname="com.Shopcartt.qa.Tests.DashBoardTestCases">
    <skipped/>
  </testcase> <!-- @AfterMethod CloseSetUp -->
  <testcase name="@BeforeMethod DashBoardSetUp" time="0.0" classname="com.Shopcartt.qa.Tests.DashBoardTestCases">
    <skipped/>
  </testcase> <!-- @BeforeMethod DashBoardSetUp -->
  <testcase name="@AfterMethod CloseSetUp" time="0.0" classname="com.Shopcartt.qa.Tests.DashBoardTestCases">
    <skipped/>
  </testcase> <!-- @AfterMethod CloseSetUp -->
  <testcase name="@BeforeMethod DashBoardSetUp" time="0.0" classname="com.Shopcartt.qa.Tests.DashBoardTestCases">
    <skipped/>
  </testcase> <!-- @BeforeMethod DashBoardSetUp -->
  <testcase name="@AfterMethod CloseSetUp" time="0.0" classname="com.Shopcartt.qa.Tests.DashBoardTestCases">
    <skipped/>
  </testcase> <!-- @AfterMethod CloseSetUp -->
  <testcase name="@BeforeMethod DashBoardSetUp" time="0.0" classname="com.Shopcartt.qa.Tests.DashBoardTestCases">
    <skipped/>
  </testcase> <!-- @BeforeMethod DashBoardSetUp -->
  <testcase name="@AfterMethod CloseSetUp" time="0.0" classname="com.Shopcartt.qa.Tests.DashBoardTestCases">
    <skipped/>
  </testcase> <!-- @AfterMethod CloseSetUp -->
  <testcase name="@BeforeMethod DashBoardSetUp" time="0.0" classname="com.Shopcartt.qa.Tests.DashBoardTestCases">
    <skipped/>
  </testcase> <!-- @BeforeMethod DashBoardSetUp -->
  <testcase name="@AfterMethod CloseSetUp" time="0.0" classname="com.Shopcartt.qa.Tests.DashBoardTestCases">
    <skipped/>
  </testcase> <!-- @AfterMethod CloseSetUp -->
  <testcase name="@BeforeMethod DashBoardSetUp" time="0.0" classname="com.Shopcartt.qa.Tests.DashBoardTestCases">
    <skipped/>
  </testcase> <!-- @BeforeMethod DashBoardSetUp -->
  <testcase name="@AfterMethod CloseSetUp" time="0.0" classname="com.Shopcartt.qa.Tests.DashBoardTestCases">
    <skipped/>
  </testcase> <!-- @AfterMethod CloseSetUp -->
  <testcase name="@BeforeMethod DashBoardSetUp" time="0.0" classname="com.Shopcartt.qa.Tests.DashBoardTestCases">
    <skipped/>
  </testcase> <!-- @BeforeMethod DashBoardSetUp -->
  <testcase name="@AfterMethod CloseSetUp" time="0.0" classname="com.Shopcartt.qa.Tests.DashBoardTestCases">
    <skipped/>
  </testcase> <!-- @AfterMethod CloseSetUp -->
  <testcase name="@BeforeMethod DashBoardSetUp" time="0.0" classname="com.Shopcartt.qa.Tests.DashBoardTestCases">
    <skipped/>
  </testcase> <!-- @BeforeMethod DashBoardSetUp -->
  <testcase name="@AfterMethod CloseSetUp" time="0.0" classname="com.Shopcartt.qa.Tests.DashBoardTestCases">
    <skipped/>
  </testcase> <!-- @AfterMethod CloseSetUp -->
  <testcase name="@BeforeMethod DashBoardSetUp" time="0.0" classname="com.Shopcartt.qa.Tests.DashBoardTestCases">
    <skipped/>
  </testcase> <!-- @BeforeMethod DashBoardSetUp -->
  <testcase name="@AfterMethod CloseSetUp" time="0.0" classname="com.Shopcartt.qa.Tests.DashBoardTestCases">
    <skipped/>
  </testcase> <!-- @AfterMethod CloseSetUp -->
  <testcase name="@BeforeMethod DashBoardSetUp" time="0.0" classname="com.Shopcartt.qa.Tests.DashBoardTestCases">
    <skipped/>
  </testcase> <!-- @BeforeMethod DashBoardSetUp -->
  <testcase name="@AfterMethod CloseSetUp" time="0.0" classname="com.Shopcartt.qa.Tests.DashBoardTestCases">
    <skipped/>
  </testcase> <!-- @AfterMethod CloseSetUp -->
  <testcase name="@BeforeMethod DashBoardSetUp" time="0.0" classname="com.Shopcartt.qa.Tests.DashBoardTestCases">
    <skipped/>
  </testcase> <!-- @BeforeMethod DashBoardSetUp -->
  <testcase name="@AfterMethod CloseSetUp" time="0.0" classname="com.Shopcartt.qa.Tests.DashBoardTestCases">
    <skipped/>
  </testcase> <!-- @AfterMethod CloseSetUp -->
  <testcase name="@BeforeMethod DashBoardSetUp" time="0.0" classname="com.Shopcartt.qa.Tests.DashBoardTestCases">
    <skipped/>
  </testcase> <!-- @BeforeMethod DashBoardSetUp -->
  <testcase name="@AfterMethod CloseSetUp" time="0.0" classname="com.Shopcartt.qa.Tests.DashBoardTestCases">
    <skipped/>
  </testcase> <!-- @AfterMethod CloseSetUp -->
  <testcase name="@BeforeMethod DashBoardSetUp" time="0.0" classname="com.Shopcartt.qa.Tests.DashBoardTestCases">
    <skipped/>
  </testcase> <!-- @BeforeMethod DashBoardSetUp -->
  <testcase name="@AfterMethod CloseSetUp" time="0.0" classname="com.Shopcartt.qa.Tests.DashBoardTestCases">
    <skipped/>
  </testcase> <!-- @AfterMethod CloseSetUp -->
  <testcase name="@BeforeMethod DashBoardSetUp" time="0.0" classname="com.Shopcartt.qa.Tests.DashBoardTestCases">
    <skipped/>
  </testcase> <!-- @BeforeMethod DashBoardSetUp -->
  <testcase name="@AfterMethod CloseSetUp" time="0.0" classname="com.Shopcartt.qa.Tests.DashBoardTestCases">
    <skipped/>
  </testcase> <!-- @AfterMethod CloseSetUp -->
  <testcase name="@BeforeMethod DashBoardSetUp" time="0.0" classname="com.Shopcartt.qa.Tests.DashBoardTestCases">
    <skipped/>
  </testcase> <!-- @BeforeMethod DashBoardSetUp -->
  <testcase name="@AfterMethod CloseSetUp" time="0.0" classname="com.Shopcartt.qa.Tests.DashBoardTestCases">
    <skipped/>
  </testcase> <!-- @AfterMethod CloseSetUp -->
  <testcase name="@BeforeMethod DashBoardSetUp" time="0.0" classname="com.Shopcartt.qa.Tests.DashBoardTestCases">
    <skipped/>
  </testcase> <!-- @BeforeMethod DashBoardSetUp -->
  <testcase name="@AfterMethod CloseSetUp" time="0.0" classname="com.Shopcartt.qa.Tests.DashBoardTestCases">
    <skipped/>
  </testcase> <!-- @AfterMethod CloseSetUp -->
  <testcase name="@BeforeMethod DashBoardSetUp" time="0.0" classname="com.Shopcartt.qa.Tests.DashBoardTestCases">
    <skipped/>
  </testcase> <!-- @BeforeMethod DashBoardSetUp -->
  <testcase name="@AfterMethod CloseSetUp" time="0.0" classname="com.Shopcartt.qa.Tests.DashBoardTestCases">
    <skipped/>
  </testcase> <!-- @AfterMethod CloseSetUp -->
  <testcase name="@BeforeMethod DashBoardSetUp" time="0.0" classname="com.Shopcartt.qa.Tests.DashBoardTestCases">
    <skipped/>
  </testcase> <!-- @BeforeMethod DashBoardSetUp -->
  <testcase name="@AfterMethod CloseSetUp" time="0.0" classname="com.Shopcartt.qa.Tests.DashBoardTestCases">
    <skipped/>
  </testcase> <!-- @AfterMethod CloseSetUp -->
  <testcase name="@BeforeMethod DashBoardSetUp" time="0.0" classname="com.Shopcartt.qa.Tests.DashBoardTestCases">
    <skipped/>
  </testcase> <!-- @BeforeMethod DashBoardSetUp -->
  <testcase name="@AfterMethod CloseSetUp" time="0.0" classname="com.Shopcartt.qa.Tests.DashBoardTestCases">
    <skipped/>
  </testcase> <!-- @AfterMethod CloseSetUp -->
  <testcase name="@BeforeMethod DashBoardSetUp" time="0.0" classname="com.Shopcartt.qa.Tests.DashBoardTestCases">
    <skipped/>
  </testcase> <!-- @BeforeMethod DashBoardSetUp -->
  <testcase name="@AfterMethod CloseSetUp" time="0.0" classname="com.Shopcartt.qa.Tests.DashBoardTestCases">
    <skipped/>
  </testcase> <!-- @AfterMethod CloseSetUp -->
  <testcase name="@BeforeMethod DashBoardSetUp" time="0.0" classname="com.Shopcartt.qa.Tests.DashBoardTestCases">
    <skipped/>
  </testcase> <!-- @BeforeMethod DashBoardSetUp -->
  <testcase name="@AfterMethod CloseSetUp" time="0.0" classname="com.Shopcartt.qa.Tests.DashBoardTestCases">
    <skipped/>
  </testcase> <!-- @AfterMethod CloseSetUp -->
  <testcase name="@BeforeMethod DashBoardSetUp" time="0.0" classname="com.Shopcartt.qa.Tests.DashBoardTestCases">
    <skipped/>
  </testcase> <!-- @BeforeMethod DashBoardSetUp -->
  <testcase name="@AfterMethod CloseSetUp" time="0.0" classname="com.Shopcartt.qa.Tests.DashBoardTestCases">
    <skipped/>
  </testcase> <!-- @AfterMethod CloseSetUp -->
  <testcase name="@BeforeMethod DashBoardSetUp" time="0.0" classname="com.Shopcartt.qa.Tests.DashBoardTestCases">
    <skipped/>
  </testcase> <!-- @BeforeMethod DashBoardSetUp -->
  <testcase name="@AfterMethod CloseSetUp" time="0.0" classname="com.Shopcartt.qa.Tests.DashBoardTestCases">
    <skipped/>
  </testcase> <!-- @AfterMethod CloseSetUp -->
  <testcase name="@BeforeMethod DashBoardSetUp" time="0.0" classname="com.Shopcartt.qa.Tests.DashBoardTestCases">
    <skipped/>
  </testcase> <!-- @BeforeMethod DashBoardSetUp -->
  <testcase name="@AfterMethod CloseSetUp" time="0.0" classname="com.Shopcartt.qa.Tests.DashBoardTestCases">
    <skipped/>
  </testcase> <!-- @AfterMethod CloseSetUp -->
  <testcase name="@BeforeMethod DashBoardSetUp" time="0.0" classname="com.Shopcartt.qa.Tests.DashBoardTestCases">
    <skipped/>
  </testcase> <!-- @BeforeMethod DashBoardSetUp -->
  <testcase name="@AfterMethod CloseSetUp" time="0.0" classname="com.Shopcartt.qa.Tests.DashBoardTestCases">
    <skipped/>
  </testcase> <!-- @AfterMethod CloseSetUp -->
  <testcase name="@BeforeMethod DashBoardSetUp" time="0.0" classname="com.Shopcartt.qa.Tests.DashBoardTestCases">
    <skipped/>
  </testcase> <!-- @BeforeMethod DashBoardSetUp -->
  <testcase name="@AfterMethod CloseSetUp" time="0.0" classname="com.Shopcartt.qa.Tests.DashBoardTestCases">
    <skipped/>
  </testcase> <!-- @AfterMethod CloseSetUp -->
  <testcase name="@BeforeMethod DashBoardSetUp" time="0.0" classname="com.Shopcartt.qa.Tests.DashBoardTestCases">
    <skipped/>
  </testcase> <!-- @BeforeMethod DashBoardSetUp -->
  <testcase name="@AfterMethod CloseSetUp" time="0.0" classname="com.Shopcartt.qa.Tests.DashBoardTestCases">
    <skipped/>
  </testcase> <!-- @AfterMethod CloseSetUp -->
  <testcase name="@BeforeMethod DashBoardSetUp" time="0.0" classname="com.Shopcartt.qa.Tests.DashBoardTestCases">
    <skipped/>
  </testcase> <!-- @BeforeMethod DashBoardSetUp -->
  <testcase name="@AfterMethod CloseSetUp" time="0.0" classname="com.Shopcartt.qa.Tests.DashBoardTestCases">
    <skipped/>
  </testcase> <!-- @AfterMethod CloseSetUp -->
  <testcase name="@BeforeMethod DashBoardSetUp" time="0.0" classname="com.Shopcartt.qa.Tests.DashBoardTestCases">
    <skipped/>
  </testcase> <!-- @BeforeMethod DashBoardSetUp -->
  <testcase name="@AfterMethod CloseSetUp" time="0.0" classname="com.Shopcartt.qa.Tests.DashBoardTestCases">
    <skipped/>
  </testcase> <!-- @AfterMethod CloseSetUp -->
  <testcase name="@BeforeMethod DashBoardSetUp" time="0.0" classname="com.Shopcartt.qa.Tests.DashBoardTestCases">
    <skipped/>
  </testcase> <!-- @BeforeMethod DashBoardSetUp -->
  <testcase name="@AfterMethod CloseSetUp" time="0.0" classname="com.Shopcartt.qa.Tests.DashBoardTestCases">
    <skipped/>
  </testcase> <!-- @AfterMethod CloseSetUp -->
  <testcase name="@BeforeMethod DashBoardSetUp" time="0.0" classname="com.Shopcartt.qa.Tests.DashBoardTestCases">
    <skipped/>
  </testcase> <!-- @BeforeMethod DashBoardSetUp -->
  <testcase name="@AfterMethod CloseSetUp" time="0.0" classname="com.Shopcartt.qa.Tests.DashBoardTestCases">
    <skipped/>
  </testcase> <!-- @AfterMethod CloseSetUp -->
  <testcase name="@BeforeMethod DashBoardSetUp" time="0.0" classname="com.Shopcartt.qa.Tests.DashBoardTestCases">
    <skipped/>
  </testcase> <!-- @BeforeMethod DashBoardSetUp -->
  <testcase name="@AfterMethod CloseSetUp" time="0.0" classname="com.Shopcartt.qa.Tests.DashBoardTestCases">
    <skipped/>
  </testcase> <!-- @AfterMethod CloseSetUp -->
  <testcase name="@BeforeMethod DashBoardSetUp" time="0.0" classname="com.Shopcartt.qa.Tests.DashBoardTestCases">
    <skipped/>
  </testcase> <!-- @BeforeMethod DashBoardSetUp -->
  <testcase name="@AfterMethod CloseSetUp" time="0.0" classname="com.Shopcartt.qa.Tests.DashBoardTestCases">
    <skipped/>
  </testcase> <!-- @AfterMethod CloseSetUp -->
  <testcase name="@BeforeMethod DashBoardSetUp" time="0.0" classname="com.Shopcartt.qa.Tests.DashBoardTestCases">
    <skipped/>
  </testcase> <!-- @BeforeMethod DashBoardSetUp -->
  <testcase name="@AfterMethod CloseSetUp" time="0.0" classname="com.Shopcartt.qa.Tests.DashBoardTestCases">
    <skipped/>
  </testcase> <!-- @AfterMethod CloseSetUp -->
  <testcase name="@BeforeMethod DashBoardSetUp" time="0.0" classname="com.Shopcartt.qa.Tests.DashBoardTestCases">
    <skipped/>
  </testcase> <!-- @BeforeMethod DashBoardSetUp -->
  <testcase name="@AfterMethod CloseSetUp" time="0.0" classname="com.Shopcartt.qa.Tests.DashBoardTestCases">
    <skipped/>
  </testcase> <!-- @AfterMethod CloseSetUp -->
  <testcase name="@BeforeMethod DashBoardSetUp" time="0.0" classname="com.Shopcartt.qa.Tests.DashBoardTestCases">
    <skipped/>
  </testcase> <!-- @BeforeMethod DashBoardSetUp -->
  <testcase name="@AfterMethod CloseSetUp" time="0.0" classname="com.Shopcartt.qa.Tests.DashBoardTestCases">
    <skipped/>
  </testcase> <!-- @AfterMethod CloseSetUp -->
  <testcase name="@BeforeMethod DashBoardSetUp" time="0.0" classname="com.Shopcartt.qa.Tests.DashBoardTestCases">
    <skipped/>
  </testcase> <!-- @BeforeMethod DashBoardSetUp -->
  <testcase name="@AfterMethod CloseSetUp" time="0.0" classname="com.Shopcartt.qa.Tests.DashBoardTestCases">
    <skipped/>
  </testcase> <!-- @AfterMethod CloseSetUp -->
  <testcase name="@BeforeMethod DashBoardSetUp" time="0.0" classname="com.Shopcartt.qa.Tests.DashBoardTestCases">
    <skipped/>
  </testcase> <!-- @BeforeMethod DashBoardSetUp -->
  <testcase name="@AfterMethod CloseSetUp" time="0.0" classname="com.Shopcartt.qa.Tests.DashBoardTestCases">
    <skipped/>
  </testcase> <!-- @AfterMethod CloseSetUp -->
  <testcase name="@BeforeMethod DashBoardSetUp" time="0.0" classname="com.Shopcartt.qa.Tests.DashBoardTestCases">
    <skipped/>
  </testcase> <!-- @BeforeMethod DashBoardSetUp -->
  <testcase name="@AfterMethod CloseSetUp" time="0.0" classname="com.Shopcartt.qa.Tests.DashBoardTestCases">
    <skipped/>
  </testcase> <!-- @AfterMethod CloseSetUp -->
  <testcase name="@BeforeMethod DashBoardSetUp" time="0.0" classname="com.Shopcartt.qa.Tests.DashBoardTestCases">
    <skipped/>
  </testcase> <!-- @BeforeMethod DashBoardSetUp -->
  <testcase name="@AfterMethod CloseSetUp" time="0.0" classname="com.Shopcartt.qa.Tests.DashBoardTestCases">
    <skipped/>
  </testcase> <!-- @AfterMethod CloseSetUp -->
  <testcase name="@BeforeMethod DashBoardSetUp" time="0.0" classname="com.Shopcartt.qa.Tests.DashBoardTestCases">
    <skipped/>
  </testcase> <!-- @BeforeMethod DashBoardSetUp -->
  <testcase name="@AfterMethod CloseSetUp" time="0.0" classname="com.Shopcartt.qa.Tests.DashBoardTestCases">
    <skipped/>
  </testcase> <!-- @AfterMethod CloseSetUp -->
  <testcase name="@BeforeMethod DashBoardSetUp" time="0.0" classname="com.Shopcartt.qa.Tests.DashBoardTestCases">
    <skipped/>
  </testcase> <!-- @BeforeMethod DashBoardSetUp -->
  <testcase name="@AfterMethod CloseSetUp" time="0.0" classname="com.Shopcartt.qa.Tests.DashBoardTestCases">
    <skipped/>
  </testcase> <!-- @AfterMethod CloseSetUp -->
  <testcase name="@BeforeMethod DashBoardSetUp" time="0.0" classname="com.Shopcartt.qa.Tests.DashBoardTestCases">
    <skipped/>
  </testcase> <!-- @BeforeMethod DashBoardSetUp -->
  <testcase name="@AfterMethod CloseSetUp" time="0.0" classname="com.Shopcartt.qa.Tests.DashBoardTestCases">
    <skipped/>
  </testcase> <!-- @AfterMethod CloseSetUp -->
  <testcase name="@BeforeMethod DashBoardSetUp" time="0.0" classname="com.Shopcartt.qa.Tests.DashBoardTestCases">
    <skipped/>
  </testcase> <!-- @BeforeMethod DashBoardSetUp -->
  <testcase name="@AfterMethod CloseSetUp" time="0.0" classname="com.Shopcartt.qa.Tests.DashBoardTestCases">
    <skipped/>
  </testcase> <!-- @AfterMethod CloseSetUp -->
  <testcase name="@BeforeMethod DashBoardSetUp" time="0.0" classname="com.Shopcartt.qa.Tests.DashBoardTestCases">
    <skipped/>
  </testcase> <!-- @BeforeMethod DashBoardSetUp -->
  <testcase name="@AfterMethod CloseSetUp" time="0.0" classname="com.Shopcartt.qa.Tests.DashBoardTestCases">
    <skipped/>
  </testcase> <!-- @AfterMethod CloseSetUp -->
  <testcase name="@BeforeMethod DashBoardSetUp" time="0.0" classname="com.Shopcartt.qa.Tests.DashBoardTestCases">
    <skipped/>
  </testcase> <!-- @BeforeMethod DashBoardSetUp -->
  <testcase name="@AfterMethod CloseSetUp" time="0.0" classname="com.Shopcartt.qa.Tests.DashBoardTestCases">
    <skipped/>
  </testcase> <!-- @AfterMethod CloseSetUp -->
  <testcase name="@BeforeMethod DashBoardSetUp" time="0.0" classname="com.Shopcartt.qa.Tests.DashBoardTestCases">
    <skipped/>
  </testcase> <!-- @BeforeMethod DashBoardSetUp -->
  <testcase name="@AfterMethod CloseSetUp" time="0.0" classname="com.Shopcartt.qa.Tests.DashBoardTestCases">
    <skipped/>
  </testcase> <!-- @AfterMethod CloseSetUp -->
  <testcase name="@BeforeMethod DashBoardSetUp" time="0.0" classname="com.Shopcartt.qa.Tests.DashBoardTestCases">
    <skipped/>
  </testcase> <!-- @BeforeMethod DashBoardSetUp -->
  <testcase name="@AfterMethod CloseSetUp" time="0.0" classname="com.Shopcartt.qa.Tests.DashBoardTestCases">
    <skipped/>
  </testcase> <!-- @AfterMethod CloseSetUp -->
  <testcase name="@BeforeMethod DashBoardSetUp" time="0.0" classname="com.Shopcartt.qa.Tests.DashBoardTestCases">
    <skipped/>
  </testcase> <!-- @BeforeMethod DashBoardSetUp -->
  <testcase name="@AfterMethod CloseSetUp" time="0.0" classname="com.Shopcartt.qa.Tests.DashBoardTestCases">
    <skipped/>
  </testcase> <!-- @AfterMethod CloseSetUp -->
  <testcase name="@BeforeMethod DashBoardSetUp" time="0.0" classname="com.Shopcartt.qa.Tests.DashBoardTestCases">
    <skipped/>
  </testcase> <!-- @BeforeMethod DashBoardSetUp -->
  <testcase name="@AfterMethod CloseSetUp" time="0.0" classname="com.Shopcartt.qa.Tests.DashBoardTestCases">
    <skipped/>
  </testcase> <!-- @AfterMethod CloseSetUp -->
  <testcase name="@BeforeMethod DashBoardSetUp" time="0.0" classname="com.Shopcartt.qa.Tests.DashBoardTestCases">
    <skipped/>
  </testcase> <!-- @BeforeMethod DashBoardSetUp -->
  <testcase name="@AfterMethod CloseSetUp" time="0.0" classname="com.Shopcartt.qa.Tests.DashBoardTestCases">
    <skipped/>
  </testcase> <!-- @AfterMethod CloseSetUp -->
  <testcase name="@BeforeMethod DashBoardSetUp" time="0.0" classname="com.Shopcartt.qa.Tests.DashBoardTestCases">
    <skipped/>
  </testcase> <!-- @BeforeMethod DashBoardSetUp -->
  <testcase name="@AfterMethod CloseSetUp" time="0.0" classname="com.Shopcartt.qa.Tests.DashBoardTestCases">
    <skipped/>
  </testcase> <!-- @AfterMethod CloseSetUp -->
  <testcase name="@BeforeMethod DashBoardSetUp" time="0.0" classname="com.Shopcartt.qa.Tests.DashBoardTestCases">
    <skipped/>
  </testcase> <!-- @BeforeMethod DashBoardSetUp -->
  <testcase name="@AfterMethod CloseSetUp" time="0.0" classname="com.Shopcartt.qa.Tests.DashBoardTestCases">
    <skipped/>
  </testcase> <!-- @AfterMethod CloseSetUp -->
  <testcase name="@BeforeMethod DashBoardSetUp" time="0.0" classname="com.Shopcartt.qa.Tests.DashBoardTestCases">
    <skipped/>
  </testcase> <!-- @BeforeMethod DashBoardSetUp -->
  <testcase name="@AfterMethod CloseSetUp" time="0.0" classname="com.Shopcartt.qa.Tests.DashBoardTestCases">
    <skipped/>
  </testcase> <!-- @AfterMethod CloseSetUp -->
  <testcase name="@BeforeMethod DashBoardSetUp" time="0.0" classname="com.Shopcartt.qa.Tests.DashBoardTestCases">
    <skipped/>
  </testcase> <!-- @BeforeMethod DashBoardSetUp -->
  <testcase name="@AfterMethod CloseSetUp" time="0.0" classname="com.Shopcartt.qa.Tests.DashBoardTestCases">
    <skipped/>
  </testcase> <!-- @AfterMethod CloseSetUp -->
  <testcase name="@BeforeMethod DashBoardSetUp" time="0.0" classname="com.Shopcartt.qa.Tests.DashBoardTestCases">
    <skipped/>
  </testcase> <!-- @BeforeMethod DashBoardSetUp -->
  <testcase name="@AfterMethod CloseSetUp" time="0.0" classname="com.Shopcartt.qa.Tests.DashBoardTestCases">
    <skipped/>
  </testcase> <!-- @AfterMethod CloseSetUp -->
  <testcase name="@BeforeMethod DashBoardSetUp" time="0.0" classname="com.Shopcartt.qa.Tests.DashBoardTestCases">
    <skipped/>
  </testcase> <!-- @BeforeMethod DashBoardSetUp -->
  <testcase name="@AfterMethod CloseSetUp" time="0.0" classname="com.Shopcartt.qa.Tests.DashBoardTestCases">
    <skipped/>
  </testcase> <!-- @AfterMethod CloseSetUp -->
  <testcase name="@BeforeMethod DashBoardSetUp" time="0.0" classname="com.Shopcartt.qa.Tests.DashBoardTestCases">
    <skipped/>
  </testcase> <!-- @BeforeMethod DashBoardSetUp -->
  <testcase name="@AfterMethod CloseSetUp" time="0.0" classname="com.Shopcartt.qa.Tests.DashBoardTestCases">
    <skipped/>
  </testcase> <!-- @AfterMethod CloseSetUp -->
  <testcase name="@BeforeMethod DashBoardSetUp" time="0.0" classname="com.Shopcartt.qa.Tests.DashBoardTestCases">
    <skipped/>
  </testcase> <!-- @BeforeMethod DashBoardSetUp -->
  <testcase name="@AfterMethod CloseSetUp" time="0.0" classname="com.Shopcartt.qa.Tests.DashBoardTestCases">
    <skipped/>
  </testcase> <!-- @AfterMethod CloseSetUp -->
  <testcase name="@BeforeMethod DashBoardSetUp" time="0.0" classname="com.Shopcartt.qa.Tests.DashBoardTestCases">
    <skipped/>
  </testcase> <!-- @BeforeMethod DashBoardSetUp -->
  <testcase name="@AfterMethod CloseSetUp" time="0.0" classname="com.Shopcartt.qa.Tests.DashBoardTestCases">
    <skipped/>
  </testcase> <!-- @AfterMethod CloseSetUp -->
  <testcase name="@BeforeMethod DashBoardSetUp" time="0.0" classname="com.Shopcartt.qa.Tests.DashBoardTestCases">
    <skipped/>
  </testcase> <!-- @BeforeMethod DashBoardSetUp -->
  <testcase name="@AfterMethod CloseSetUp" time="0.0" classname="com.Shopcartt.qa.Tests.DashBoardTestCases">
    <skipped/>
  </testcase> <!-- @AfterMethod CloseSetUp -->
  <testcase name="@BeforeMethod DashBoardSetUp" time="0.0" classname="com.Shopcartt.qa.Tests.DashBoardTestCases">
    <skipped/>
  </testcase> <!-- @BeforeMethod DashBoardSetUp -->
  <testcase name="@AfterMethod CloseSetUp" time="0.0" classname="com.Shopcartt.qa.Tests.DashBoardTestCases">
    <skipped/>
  </testcase> <!-- @AfterMethod CloseSetUp -->
  <testcase name="@BeforeMethod DashBoardSetUp" time="0.0" classname="com.Shopcartt.qa.Tests.DashBoardTestCases">
    <skipped/>
  </testcase> <!-- @BeforeMethod DashBoardSetUp -->
  <testcase name="@AfterMethod CloseSetUp" time="0.0" classname="com.Shopcartt.qa.Tests.DashBoardTestCases">
    <skipped/>
  </testcase> <!-- @AfterMethod CloseSetUp -->
  <testcase name="@BeforeMethod DashBoardSetUp" time="0.0" classname="com.Shopcartt.qa.Tests.DashBoardTestCases">
    <skipped/>
  </testcase> <!-- @BeforeMethod DashBoardSetUp -->
  <testcase name="@AfterMethod CloseSetUp" time="0.0" classname="com.Shopcartt.qa.Tests.DashBoardTestCases">
    <skipped/>
  </testcase> <!-- @AfterMethod CloseSetUp -->
  <testcase name="@BeforeMethod DashBoardSetUp" time="0.0" classname="com.Shopcartt.qa.Tests.DashBoardTestCases">
    <skipped/>
  </testcase> <!-- @BeforeMethod DashBoardSetUp -->
  <testcase name="@AfterMethod CloseSetUp" time="0.0" classname="com.Shopcartt.qa.Tests.DashBoardTestCases">
    <skipped/>
  </testcase> <!-- @AfterMethod CloseSetUp -->
  <testcase name="@BeforeMethod DashBoardSetUp" time="0.0" classname="com.Shopcartt.qa.Tests.DashBoardTestCases">
    <skipped/>
  </testcase> <!-- @BeforeMethod DashBoardSetUp -->
  <testcase name="@AfterMethod CloseSetUp" time="0.0" classname="com.Shopcartt.qa.Tests.DashBoardTestCases">
    <skipped/>
  </testcase> <!-- @AfterMethod CloseSetUp -->
  <testcase name="@BeforeMethod DashBoardSetUp" time="0.0" classname="com.Shopcartt.qa.Tests.DashBoardTestCases">
    <skipped/>
  </testcase> <!-- @BeforeMethod DashBoardSetUp -->
  <testcase name="@AfterMethod CloseSetUp" time="0.0" classname="com.Shopcartt.qa.Tests.DashBoardTestCases">
    <skipped/>
  </testcase> <!-- @AfterMethod CloseSetUp -->
  <testcase name="@BeforeMethod DashBoardSetUp" time="0.0" classname="com.Shopcartt.qa.Tests.DashBoardTestCases">
    <skipped/>
  </testcase> <!-- @BeforeMethod DashBoardSetUp -->
  <testcase name="@AfterMethod CloseSetUp" time="0.0" classname="com.Shopcartt.qa.Tests.DashBoardTestCases">
    <skipped/>
  </testcase> <!-- @AfterMethod CloseSetUp -->
  <testcase name="@BeforeMethod DashBoardSetUp" time="0.0" classname="com.Shopcartt.qa.Tests.DashBoardTestCases">
    <skipped/>
  </testcase> <!-- @BeforeMethod DashBoardSetUp -->
  <testcase name="@AfterMethod CloseSetUp" time="0.0" classname="com.Shopcartt.qa.Tests.DashBoardTestCases">
    <skipped/>
  </testcase> <!-- @AfterMethod CloseSetUp -->
  <testcase name="@BeforeMethod DashBoardSetUp" time="0.0" classname="com.Shopcartt.qa.Tests.DashBoardTestCases">
    <skipped/>
  </testcase> <!-- @BeforeMethod DashBoardSetUp -->
  <testcase name="@AfterMethod CloseSetUp" time="0.0" classname="com.Shopcartt.qa.Tests.DashBoardTestCases">
    <skipped/>
  </testcase> <!-- @AfterMethod CloseSetUp -->
  <testcase name="@BeforeMethod DashBoardSetUp" time="0.0" classname="com.Shopcartt.qa.Tests.DashBoardTestCases">
    <skipped/>
  </testcase> <!-- @BeforeMethod DashBoardSetUp -->
  <testcase name="@AfterMethod CloseSetUp" time="0.0" classname="com.Shopcartt.qa.Tests.DashBoardTestCases">
    <skipped/>
  </testcase> <!-- @AfterMethod CloseSetUp -->
  <testcase name="@BeforeMethod DashBoardSetUp" time="0.0" classname="com.Shopcartt.qa.Tests.DashBoardTestCases">
    <skipped/>
  </testcase> <!-- @BeforeMethod DashBoardSetUp -->
  <testcase name="@AfterMethod CloseSetUp" time="0.0" classname="com.Shopcartt.qa.Tests.DashBoardTestCases">
    <skipped/>
  </testcase> <!-- @AfterMethod CloseSetUp -->
  <testcase name="@BeforeMethod DashBoardSetUp" time="0.0" classname="com.Shopcartt.qa.Tests.DashBoardTestCases">
    <skipped/>
  </testcase> <!-- @BeforeMethod DashBoardSetUp -->
  <testcase name="@AfterMethod CloseSetUp" time="0.0" classname="com.Shopcartt.qa.Tests.DashBoardTestCases">
    <skipped/>
  </testcase> <!-- @AfterMethod CloseSetUp -->
  <testcase name="@BeforeMethod DashBoardSetUp" time="0.0" classname="com.Shopcartt.qa.Tests.DashBoardTestCases">
    <skipped/>
  </testcase> <!-- @BeforeMethod DashBoardSetUp -->
  <testcase name="@AfterMethod CloseSetUp" time="0.0" classname="com.Shopcartt.qa.Tests.DashBoardTestCases">
    <skipped/>
  </testcase> <!-- @AfterMethod CloseSetUp -->
  <testcase name="@BeforeMethod DashBoardSetUp" time="0.0" classname="com.Shopcartt.qa.Tests.DashBoardTestCases">
    <skipped/>
  </testcase> <!-- @BeforeMethod DashBoardSetUp -->
  <testcase name="@AfterMethod CloseSetUp" time="0.0" classname="com.Shopcartt.qa.Tests.DashBoardTestCases">
    <skipped/>
  </testcase> <!-- @AfterMethod CloseSetUp -->
  <testcase name="@BeforeMethod DashBoardSetUp" time="0.0" classname="com.Shopcartt.qa.Tests.DashBoardTestCases">
    <skipped/>
  </testcase> <!-- @BeforeMethod DashBoardSetUp -->
  <testcase name="@AfterMethod CloseSetUp" time="0.0" classname="com.Shopcartt.qa.Tests.DashBoardTestCases">
    <skipped/>
  </testcase> <!-- @AfterMethod CloseSetUp -->
  <testcase name="@BeforeMethod SetUp" time="0.0" classname="com.Shopcartt.qa.Tests.Catalog_MonitoringTestCases">
    <failure type="org.openqa.selenium.ElementNotVisibleException" message="element not interactable
  (Session info: chrome=74.0.3729.131)
  (Driver info: chromedriver=74.0.3729.6 (255758eccf3d244491b8a1317aa76e1ce10d57e9-refs/branch-heads/3729@{#29}),platform=Windows NT 10.0.17134 x86_64) (WARNING: The server did not provide any stacktrace information)
Command duration or timeout: 30.06 seconds
Build info: version: &amp;apos;2.53.0&amp;apos;, revision: &amp;apos;35ae25b1534ae328c771e0856c93e187490ca824&amp;apos;, time: &amp;apos;2016-03-15 10:43:46&amp;apos;
System info: host: &amp;apos;LAPTOP-K6DCR1DD&amp;apos;, ip: &amp;apos;192.168.0.140&amp;apos;, os.name: &amp;apos;Windows 10&amp;apos;, os.arch: &amp;apos;amd64&amp;apos;, os.version: &amp;apos;10.0&amp;apos;, java.version: &amp;apos;1.8.0_131&amp;apos;
Driver info: org.openqa.selenium.chrome.ChromeDriver
Capabilities [{mobileEmulationEnabled=false, timeouts={implicit=0, pageLoad=300000, script=30000}, hasTouchScreen=false, platform=XP, acceptSslCerts=false, goog:chromeOptions={debuggerAddress=localhost:59963}, acceptInsecureCerts=false, webStorageEnabled=true, browserName=chrome, takesScreenshot=true, javascriptEnabled=true, setWindowRect=true, unexpectedAlertBehaviour=ignore, applicationCacheEnabled=false, rotatable=false, networkConnectionEnabled=false, chrome={chromedriverVersion=74.0.3729.6 (255758eccf3d244491b8a1317aa76e1ce10d57e9-refs/branch-heads/3729@{#29}), userDataDir=C:\Users\hp\AppData\Local\Temp\scoped_dir11480_29491}, takesHeapSnapshot=true, pageLoadStrategy=normal, strictFileInteractability=false, databaseEnabled=false, handlesAlerts=true, version=74.0.3729.131, browserConnectionEnabled=false, proxy={}, nativeEvents=true, locationContextEnabled=true, cssSelectorsEnabled=true}]
Session ID: bf32dfed6476325e9d73562b3687984e">
      <![CDATA[org.openqa.selenium.ElementNotVisibleException: element not interactable
  (Session info: chrome=74.0.3729.131)
  (Driver info: chromedriver=74.0.3729.6 (255758eccf3d244491b8a1317aa76e1ce10d57e9-refs/branch-heads/3729@{#29}),platform=Windows NT 10.0.17134 x86_64) (WARNING: The server did not provide any stacktrace information)
Command duration or timeout: 30.06 seconds
Build info: version: '2.53.0', revision: '35ae25b1534ae328c771e0856c93e187490ca824', time: '2016-03-15 10:43:46'
System info: host: 'LAPTOP-K6DCR1DD', ip: '192.168.0.140', os.name: 'Windows 10', os.arch: 'amd64', os.version: '10.0', java.version: '1.8.0_131'
Driver info: org.openqa.selenium.chrome.ChromeDriver
Capabilities [{mobileEmulationEnabled=false, timeouts={implicit=0, pageLoad=300000, script=30000}, hasTouchScreen=false, platform=XP, acceptSslCerts=false, goog:chromeOptions={debuggerAddress=localhost:59963}, acceptInsecureCerts=false, webStorageEnabled=true, browserName=chrome, takesScreenshot=true, javascriptEnabled=true, setWindowRect=true, unexpectedAlertBehaviour=ignore, applicationCacheEnabled=false, rotatable=false, networkConnectionEnabled=false, chrome={chromedriverVersion=74.0.3729.6 (255758eccf3d244491b8a1317aa76e1ce10d57e9-refs/branch-heads/3729@{#29}), userDataDir=C:\Users\hp\AppData\Local\Temp\scoped_dir11480_29491}, takesHeapSnapshot=true, pageLoadStrategy=normal, strictFileInteractability=false, databaseEnabled=false, handlesAlerts=true, version=74.0.3729.131, browserConnectionEnabled=false, proxy={}, nativeEvents=true, locationContextEnabled=true, cssSelectorsEnabled=true}]
Session ID: bf32dfed6476325e9d73562b3687984e
	at org.openqa.selenium.remote.ErrorHandler.createThrowable(ErrorHandler.java:206)
	at org.openqa.selenium.remote.ErrorHandler.throwIfResponseFailed(ErrorHandler.java:158)
	at org.openqa.selenium.remote.RemoteWebDriver.execute(RemoteWebDriver.java:678)
	at org.openqa.selenium.remote.RemoteWebElement.execute(RemoteWebElement.java:327)
	at org.openqa.selenium.remote.RemoteWebElement.click(RemoteWebElement.java:85)
	at org.openqa.selenium.support.pagefactory.internal.LocatingElementHandler.invoke(LocatingElementHandler.java:51)
	at com.sun.proxy.$Proxy6.click(Unknown Source)
	at com.shopcartt.qa.Pages.DashBoard.ValidateCatalog_MonitoringPageClick(DashBoard.java:631)
	at com.Shopcartt.qa.Tests.Catalog_MonitoringTestCases.SetUp(Catalog_MonitoringTestCases.java:32)
... Removed 33 stack frames]]>
    </failure>
  </testcase> <!-- @BeforeMethod SetUp -->
  <testcase name="@AfterMethod Quit" time="0.0" classname="com.Shopcartt.qa.Tests.Catalog_MonitoringTestCases">
    <skipped/>
  </testcase> <!-- @AfterMethod Quit -->
  <testcase name="@BeforeMethod SetUp" time="0.0" classname="com.Shopcartt.qa.Tests.Catalog_MonitoringTestCases">
    <skipped/>
  </testcase> <!-- @BeforeMethod SetUp -->
  <testcase name="@AfterMethod Quit" time="0.0" classname="com.Shopcartt.qa.Tests.Catalog_MonitoringTestCases">
    <skipped/>
  </testcase> <!-- @AfterMethod Quit -->
  <testcase name="TestShopcarttLoginPage" time="0.047" classname="com.Shopcartt.qa.Tests.LoginPageTestCases"/>
  <testcase name="TestShopcarttPageHeading" time="0.047" classname="com.Shopcartt.qa.Tests.LoginPageTestCases"/>
  <testcase name="TestShopcarttVersion" time="0.058" classname="com.Shopcartt.qa.Tests.LoginPageTestCases"/>
  <testcase name="TestShopcarttVersionText" time="0.114" classname="com.Shopcartt.qa.Tests.LoginPageTestCases"/>
  <testcase name="TestShopcarttImg" time="0.045" classname="com.Shopcartt.qa.Tests.LoginPageTestCases"/>
  <testcase name="TestShopcarttName" time="0.054" classname="com.Shopcartt.qa.Tests.LoginPageTestCases"/>
  <testcase name="TestEmailPlaceHolder" time="0.041" classname="com.Shopcartt.qa.Tests.LoginPageTestCases"/>
  <testcase name="TestPasswordPlaceHolder" time="0.042" classname="com.Shopcartt.qa.Tests.LoginPageTestCases"/>
  <testcase name="TestBlankLogin" time="0.421" classname="com.Shopcartt.qa.Tests.LoginPageTestCases"/>
  <testcase name="TestBlankEmail_CorrectPass" time="0.425" classname="com.Shopcartt.qa.Tests.LoginPageTestCases"/>
  <testcase name="TestCorrectEmail_BlankPassword" time="0.592" classname="com.Shopcartt.qa.Tests.LoginPageTestCases"/>
  <testcase name="TestInvalidEmail_Password" time="0.377" classname="com.Shopcartt.qa.Tests.LoginPageTestCases"/>
  <testcase name="TestInvalidEmail_CorrectPassword" time="0.474" classname="com.Shopcartt.qa.Tests.LoginPageTestCases"/>
  <testcase name="TestCorrectEmailFormat_CorrectPassword" time="0.609" classname="com.Shopcartt.qa.Tests.LoginPageTestCases"/>
  <testcase name="TestCorrectEmail_InValidPassword" time="0.593" classname="com.Shopcartt.qa.Tests.LoginPageTestCases"/>
  <testcase name="TestInvalidEmail_BlankPassword" time="0.461" classname="com.Shopcartt.qa.Tests.LoginPageTestCases"/>
  <testcase name="TestBlankEmail_InvalidPassword" time="0.381" classname="com.Shopcartt.qa.Tests.LoginPageTestCases"/>
  <testcase name="TestCorrectEmailFormat_BlankPassword" time="0.391" classname="com.Shopcartt.qa.Tests.LoginPageTestCases"/>
  <testcase name="TestCorrectEmail_4DigitPassword" time="0.55" classname="com.Shopcartt.qa.Tests.LoginPageTestCases"/>
  <testcase name="TestCorrectEmail_PasswordMorethan4" time="0.663" classname="com.Shopcartt.qa.Tests.LoginPageTestCases"/>
  <testcase name="TestLogInButtonText" time="0.045" classname="com.Shopcartt.qa.Tests.LoginPageTestCases"/>
  <testcase name="TestLogInButtonColor" time="0.271" classname="com.Shopcartt.qa.Tests.LoginPageTestCases"/>
  <testcase name="TestCheckBoxNotSelected" time="0.039" classname="com.Shopcartt.qa.Tests.LoginPageTestCases"/>
  <testcase name="TestCheckBoxSelected" time="0.08" classname="com.Shopcartt.qa.Tests.LoginPageTestCases"/>
  <testcase name="TestCheckStayLoggedInDisplay" time="0.05" classname="com.Shopcartt.qa.Tests.LoginPageTestCases"/>
  <testcase name="TestStayLoggedInText" time="0.049" classname="com.Shopcartt.qa.Tests.LoginPageTestCases"/>
  <testcase name="TestCorrectLogin" time="0.407" classname="com.Shopcartt.qa.Tests.LoginPageTestCases"/>
  <testcase name="TestforgetPasswordText" time="0.06" classname="com.Shopcartt.qa.Tests.LoginPageTestCases"/>
  <testcase name="TestforgetPasswordClick" time="2.134" classname="com.Shopcartt.qa.Tests.LoginPageTestCases"/>
  <testcase name="TestforgetPasswordDisplayed" time="0.039" classname="com.Shopcartt.qa.Tests.LoginPageTestCases"/>
  <testcase name="TestCopyRightDisplayed" time="0.048" classname="com.Shopcartt.qa.Tests.LoginPageTestCases"/>
  <testcase name="TestCopyRightText" time="0.042" classname="com.Shopcartt.qa.Tests.LoginPageTestCases"/>
  <testcase name="TestCopyRightClick" time="0.141" classname="com.Shopcartt.qa.Tests.LoginPageTestCases"/>
  <testcase name="TesttwitterColor" time="0.12" classname="com.Shopcartt.qa.Tests.LoginPageTestCases"/>
  <testcase name="TesttwitterDisplayed" time="0.047" classname="com.Shopcartt.qa.Tests.LoginPageTestCases"/>
  <testcase name="TesttwitterClick" time="6.933" classname="com.Shopcartt.qa.Tests.LoginPageTestCases"/>
  <testcase name="TestfacebookColor" time="0.108" classname="com.Shopcartt.qa.Tests.LoginPageTestCases"/>
  <testcase name="TestfacebookDisplayed" time="0.046" classname="com.Shopcartt.qa.Tests.LoginPageTestCases"/>
  <testcase name="TestfacebookClick" time="3.228" classname="com.Shopcartt.qa.Tests.LoginPageTestCases"/>
  <testcase name="TestgithubColor" time="0.126" classname="com.Shopcartt.qa.Tests.LoginPageTestCases"/>
  <testcase name="TestgithubDisplayed" time="0.036" classname="com.Shopcartt.qa.Tests.LoginPageTestCases"/>
  <testcase name="TestgithubClick" time="5.846" classname="com.Shopcartt.qa.Tests.LoginPageTestCases"/>
  <testcase name="TestgooglePlusColor" time="0.123" classname="com.Shopcartt.qa.Tests.LoginPageTestCases"/>
  <testcase name="TestgooglePlusDisplayed" time="0.047" classname="com.Shopcartt.qa.Tests.LoginPageTestCases"/>
  <testcase name="TestgooglePlusClick" time="4.06" classname="com.Shopcartt.qa.Tests.LoginPageTestCases"/>
  <testcase name="TestDashBoardLogo" time="9.17" classname="com.Shopcartt.qa.Tests.DashBoardTestCases"/>
  <testcase name="TestDashBoardLogoClick" time="8.326" classname="com.Shopcartt.qa.Tests.DashBoardTestCases"/>
  <testcase name="TestDashBoardVersionDisplayed" time="5.024" classname="com.Shopcartt.qa.Tests.DashBoardTestCases"/>
  <testcase name="TestDashBoardVersionText" time="7.463" classname="com.Shopcartt.qa.Tests.DashBoardTestCases"/>
  <testcase name="TestDashBoardVersionClick" time="9.934" classname="com.Shopcartt.qa.Tests.DashBoardTestCases"/>
  <testcase name="TestDashBoardShopNameText" time="11.834" classname="com.Shopcartt.qa.Tests.DashBoardTestCases"/>
  <testcase name="TestDashBoardShopNameDisplayed" time="0.0" classname="com.Shopcartt.qa.Tests.DashBoardTestCases">
    <skipped/>
  </testcase> <!-- TestDashBoardShopNameDisplayed -->
  <testcase name="TestDashBoardShopNameClick" time="0.0" classname="com.Shopcartt.qa.Tests.DashBoardTestCases">
    <skipped/>
  </testcase> <!-- TestDashBoardShopNameClick -->
  <testcase name="TestDashBoardCarttLogoDisplayed" time="0.0" classname="com.Shopcartt.qa.Tests.DashBoardTestCases">
    <skipped/>
  </testcase> <!-- TestDashBoardCarttLogoDisplayed -->
  <testcase name="TestDashBoardCarttLogoClick" time="0.001" classname="com.Shopcartt.qa.Tests.DashBoardTestCases">
    <skipped/>
  </testcase> <!-- TestDashBoardCarttLogoClick -->
  <testcase name="TestDashBoardCustomersLogoClick" time="0.0" classname="com.Shopcartt.qa.Tests.DashBoardTestCases">
    <skipped/>
  </testcase> <!-- TestDashBoardCustomersLogoClick -->
  <testcase name="TestDashBoardCustomersLogoDisplayed" time="0.0" classname="com.Shopcartt.qa.Tests.DashBoardTestCases">
    <skipped/>
  </testcase> <!-- TestDashBoardCustomersLogoDisplayed -->
  <testcase name="TestDashBoardEnvelopeLogoDisplayed" time="0.0" classname="com.Shopcartt.qa.Tests.DashBoardTestCases">
    <skipped/>
  </testcase> <!-- TestDashBoardEnvelopeLogoDisplayed -->
  <testcase name="TestDashBoardEnvelopeLogoClick" time="0.0" classname="com.Shopcartt.qa.Tests.DashBoardTestCases">
    <skipped/>
  </testcase> <!-- TestDashBoardEnvelopeLogoClick -->
  <testcase name="TestDashBoardTrophyLogoDisplayed" time="0.0" classname="com.Shopcartt.qa.Tests.DashBoardTestCases">
    <skipped/>
  </testcase> <!-- TestDashBoardTrophyLogoDisplayed -->
  <testcase name="TestDashBoardTrophyLogoClick" time="0.0" classname="com.Shopcartt.qa.Tests.DashBoardTestCases">
    <skipped/>
  </testcase> <!-- TestDashBoardTrophyLogoClick -->
  <testcase name="TestDashBoardQuickAccessDisplayed" time="0.0" classname="com.Shopcartt.qa.Tests.DashBoardTestCases">
    <skipped/>
  </testcase> <!-- TestDashBoardQuickAccessDisplayed -->
  <testcase name="TestDashBoardQuickAccessClick" time="0.0" classname="com.Shopcartt.qa.Tests.DashBoardTestCases">
    <skipped/>
  </testcase> <!-- TestDashBoardQuickAccessClick -->
  <testcase name="TestDashBoardChainBrokenLogoDisplayed" time="0.0" classname="com.Shopcartt.qa.Tests.DashBoardTestCases">
    <skipped/>
  </testcase> <!-- TestDashBoardChainBrokenLogoDisplayed -->
  <testcase name="TestDashBoardMarketPlaceText" time="0.0" classname="com.Shopcartt.qa.Tests.DashBoardTestCases">
    <skipped/>
  </testcase> <!-- TestDashBoardMarketPlaceText -->
  <testcase name="TestDashBoardMarketPlaceDisplayed" time="0.0" classname="com.Shopcartt.qa.Tests.DashBoardTestCases">
    <skipped/>
  </testcase> <!-- TestDashBoardMarketPlaceDisplayed -->
  <testcase name="TestDashBoardMarketPlaceClick" time="0.0" classname="com.Shopcartt.qa.Tests.DashBoardTestCases">
    <skipped/>
  </testcase> <!-- TestDashBoardMarketPlaceClick -->
  <testcase name="TestDashBoardMyShopDisplayed" time="0.0" classname="com.Shopcartt.qa.Tests.DashBoardTestCases">
    <skipped/>
  </testcase> <!-- TestDashBoardMyShopDisplayed -->
  <testcase name="TestDashBoardMyShopText" time="0.0" classname="com.Shopcartt.qa.Tests.DashBoardTestCases">
    <skipped/>
  </testcase> <!-- TestDashBoardMyShopText -->
  <testcase name="TestDashBoardMyShopClick" time="0.0" classname="com.Shopcartt.qa.Tests.DashBoardTestCases">
    <skipped/>
  </testcase> <!-- TestDashBoardMyShopClick -->
  <testcase name="TestDashBoardSystemAdministratorText" time="0.016" classname="com.Shopcartt.qa.Tests.DashBoardTestCases">
    <skipped/>
  </testcase> <!-- TestDashBoardSystemAdministratorText -->
  <testcase name="TestDashBoardSystemAdministratorDisplayed" time="0.0" classname="com.Shopcartt.qa.Tests.DashBoardTestCases">
    <skipped/>
  </testcase> <!-- TestDashBoardSystemAdministratorDisplayed -->
  <testcase name="TestDashBoardSystemAdministratorClick" time="0.0" classname="com.Shopcartt.qa.Tests.DashBoardTestCases">
    <skipped/>
  </testcase> <!-- TestDashBoardSystemAdministratorClick -->
  <testcase name="TestDashBoardProfilePictureDisplayed" time="0.0" classname="com.Shopcartt.qa.Tests.DashBoardTestCases">
    <skipped/>
  </testcase> <!-- TestDashBoardProfilePictureDisplayed -->
  <testcase name="TestDashBoardProfilePictureClick" time="0.0" classname="com.Shopcartt.qa.Tests.DashBoardTestCases">
    <skipped/>
  </testcase> <!-- TestDashBoardProfilePictureClick -->
  <testcase name="TestDashBoardSmallDisplayed" time="0.0" classname="com.Shopcartt.qa.Tests.DashBoardTestCases">
    <skipped/>
  </testcase> <!-- TestDashBoardSmallDisplayed -->
  <testcase name="TestDashBoardSmallTextClick" time="0.0" classname="com.Shopcartt.qa.Tests.DashBoardTestCases">
    <skipped/>
  </testcase> <!-- TestDashBoardSmallTextClick -->
  <testcase name="TestDashBoardPageTitleDisplayed" time="0.0" classname="com.Shopcartt.qa.Tests.DashBoardTestCases">
    <skipped/>
  </testcase> <!-- TestDashBoardPageTitleDisplayed -->
  <testcase name="TestDashBoardToggleButtonEnabled" time="0.0" classname="com.Shopcartt.qa.Tests.DashBoardTestCases">
    <skipped/>
  </testcase> <!-- TestDashBoardToggleButtonEnabled -->
  <testcase name="TestDashBoardToggleButtonColor" time="0.0" classname="com.Shopcartt.qa.Tests.DashBoardTestCases">
    <skipped/>
  </testcase> <!-- TestDashBoardToggleButtonColor -->
  <testcase name="TestDashBoardDemoModeDisplayed" time="0.0" classname="com.Shopcartt.qa.Tests.DashBoardTestCases">
    <skipped/>
  </testcase> <!-- TestDashBoardDemoModeDisplayed -->
  <testcase name="TestDashBoardDemoModeText" time="0.0" classname="com.Shopcartt.qa.Tests.DashBoardTestCases">
    <skipped/>
  </testcase> <!-- TestDashBoardDemoModeText -->
  <testcase name="TestDashBoardDemoModeClick" time="0.0" classname="com.Shopcartt.qa.Tests.DashBoardTestCases">
    <skipped/>
  </testcase> <!-- TestDashBoardDemoModeClick -->
  <testcase name="TestDashBoardHelpLogoDisplayed" time="0.0" classname="com.Shopcartt.qa.Tests.DashBoardTestCases">
    <skipped/>
  </testcase> <!-- TestDashBoardHelpLogoDisplayed -->
  <testcase name="TestDashBoardHelpLogoColor" time="0.0" classname="com.Shopcartt.qa.Tests.DashBoardTestCases">
    <skipped/>
  </testcase> <!-- TestDashBoardHelpLogoColor -->
  <testcase name="TestDashBoardHelpLogoClick" time="0.0" classname="com.Shopcartt.qa.Tests.DashBoardTestCases">
    <skipped/>
  </testcase> <!-- TestDashBoardHelpLogoClick -->
  <testcase name="TestDashBoardHelpDisplayed" time="0.0" classname="com.Shopcartt.qa.Tests.DashBoardTestCases">
    <skipped/>
  </testcase> <!-- TestDashBoardHelpDisplayed -->
  <testcase name="TestDashBoardHelpText" time="0.0" classname="com.Shopcartt.qa.Tests.DashBoardTestCases">
    <skipped/>
  </testcase> <!-- TestDashBoardHelpText -->
  <testcase name="TestDashBoardHelpClick" time="0.0" classname="com.Shopcartt.qa.Tests.DashBoardTestCases">
    <skipped/>
  </testcase> <!-- TestDashBoardHelpClick -->
  <testcase name="TestCatalogDisplayed" time="0.0" classname="com.Shopcartt.qa.Tests.DashBoardTestCases">
    <skipped/>
  </testcase> <!-- TestCatalogDisplayed -->
  <testcase name="TestCatalogText" time="0.0" classname="com.Shopcartt.qa.Tests.DashBoardTestCases">
    <skipped/>
  </testcase> <!-- TestCatalogText -->
  <testcase name="TestCatalogClick" time="0.0" classname="com.Shopcartt.qa.Tests.DashBoardTestCases">
    <skipped/>
  </testcase> <!-- TestCatalogClick -->
  <testcase name="TestOrdersTitleDisplayed" time="0.0" classname="com.Shopcartt.qa.Tests.DashBoardTestCases">
    <skipped/>
  </testcase> <!-- TestOrdersTitleDisplayed -->
  <testcase name="TestOrdersTitleText" time="0.0" classname="com.Shopcartt.qa.Tests.DashBoardTestCases">
    <skipped/>
  </testcase> <!-- TestOrdersTitleText -->
  <testcase name="TestOrdersTitleClick" time="0.0" classname="com.Shopcartt.qa.Tests.DashBoardTestCases">
    <skipped/>
  </testcase> <!-- TestOrdersTitleClick -->
  <testcase name="TestCustomersTitleDisplayed" time="0.0" classname="com.Shopcartt.qa.Tests.DashBoardTestCases">
    <skipped/>
  </testcase> <!-- TestCustomersTitleDisplayed -->
  <testcase name="TestCustomersTitleText" time="0.0" classname="com.Shopcartt.qa.Tests.DashBoardTestCases">
    <skipped/>
  </testcase> <!-- TestCustomersTitleText -->
  <testcase name="TestCustomersTitleClick" time="0.016" classname="com.Shopcartt.qa.Tests.DashBoardTestCases">
    <skipped/>
  </testcase> <!-- TestCustomersTitleClick -->
  <testcase name="TestPriceRulesTitleDisplayed" time="0.0" classname="com.Shopcartt.qa.Tests.DashBoardTestCases">
    <skipped/>
  </testcase> <!-- TestPriceRulesTitleDisplayed -->
  <testcase name="TestPriceRulesTitleText" time="0.0" classname="com.Shopcartt.qa.Tests.DashBoardTestCases">
    <skipped/>
  </testcase> <!-- TestPriceRulesTitleText -->
  <testcase name="TestPriceRulesTitleClick" time="0.0" classname="com.Shopcartt.qa.Tests.DashBoardTestCases">
    <skipped/>
  </testcase> <!-- TestPriceRulesTitleClick -->
  <testcase name="TestModulesAndServicesTitleDisplayed" time="0.0" classname="com.Shopcartt.qa.Tests.DashBoardTestCases">
    <skipped/>
  </testcase> <!-- TestModulesAndServicesTitleDisplayed -->
  <testcase name="TestModulesAndServicesTitleText" time="0.0" classname="com.Shopcartt.qa.Tests.DashBoardTestCases">
    <skipped/>
  </testcase> <!-- TestModulesAndServicesTitleText -->
  <testcase name="TestModulesAndServicesTitleClick" time="0.0" classname="com.Shopcartt.qa.Tests.DashBoardTestCases">
    <skipped/>
  </testcase> <!-- TestModulesAndServicesTitleClick -->
  <testcase name="TestShippingTitleDisplayed" time="0.0" classname="com.Shopcartt.qa.Tests.DashBoardTestCases">
    <skipped/>
  </testcase> <!-- TestShippingTitleDisplayed -->
  <testcase name="TestShippingTitleText" time="0.0" classname="com.Shopcartt.qa.Tests.DashBoardTestCases">
    <skipped/>
  </testcase> <!-- TestShippingTitleText -->
  <testcase name="TestShippingTitleClick" time="0.0" classname="com.Shopcartt.qa.Tests.DashBoardTestCases">
    <skipped/>
  </testcase> <!-- TestShippingTitleClick -->
  <testcase name="TestLocalizationTitleDisplayed" time="0.0" classname="com.Shopcartt.qa.Tests.DashBoardTestCases">
    <skipped/>
  </testcase> <!-- TestLocalizationTitleDisplayed -->
  <testcase name="TestLocalizationTitleText" time="0.0" classname="com.Shopcartt.qa.Tests.DashBoardTestCases">
    <skipped/>
  </testcase> <!-- TestLocalizationTitleText -->
  <testcase name="TestLocalizationTitleClick" time="0.0" classname="com.Shopcartt.qa.Tests.DashBoardTestCases">
    <skipped/>
  </testcase> <!-- TestLocalizationTitleClick -->
  <testcase name="TestPreferencesTitleDisplayed" time="0.0" classname="com.Shopcartt.qa.Tests.DashBoardTestCases">
    <skipped/>
  </testcase> <!-- TestPreferencesTitleDisplayed -->
  <testcase name="TestPreferencesTitleText" time="0.0" classname="com.Shopcartt.qa.Tests.DashBoardTestCases">
    <skipped/>
  </testcase> <!-- TestPreferencesTitleText -->
  <testcase name="TestPreferencesTitleClick" time="0.0" classname="com.Shopcartt.qa.Tests.DashBoardTestCases">
    <skipped/>
  </testcase> <!-- TestPreferencesTitleClick -->
  <testcase name="TestAdvancedParametersTitleDisplayed" time="0.0" classname="com.Shopcartt.qa.Tests.DashBoardTestCases">
    <skipped/>
  </testcase> <!-- TestAdvancedParametersTitleDisplayed -->
  <testcase name="TestAdvancedParametersTitleText" time="0.0" classname="com.Shopcartt.qa.Tests.DashBoardTestCases">
    <skipped/>
  </testcase> <!-- TestAdvancedParametersTitleText -->
  <testcase name="TestAdvancedParametersTitleClick" time="0.0" classname="com.Shopcartt.qa.Tests.DashBoardTestCases">
    <skipped/>
  </testcase> <!-- TestAdvancedParametersTitleClick -->
  <testcase name="TestAdministrationTitleDisplayed" time="0.0" classname="com.Shopcartt.qa.Tests.DashBoardTestCases">
    <skipped/>
  </testcase> <!-- TestAdministrationTitleDisplayed -->
  <testcase name="TestAdministrationTitleText" time="0.0" classname="com.Shopcartt.qa.Tests.DashBoardTestCases">
    <skipped/>
  </testcase> <!-- TestAdministrationTitleText -->
  <testcase name="TestAdministrationTitleClick" time="0.0" classname="com.Shopcartt.qa.Tests.DashBoardTestCases">
    <skipped/>
  </testcase> <!-- TestAdministrationTitleClick -->
  <testcase name="TestStatsTitleDisplayed" time="0.0" classname="com.Shopcartt.qa.Tests.DashBoardTestCases">
    <skipped/>
  </testcase> <!-- TestStatsTitleDisplayed -->
  <testcase name="TestStatsTitleText" time="0.0" classname="com.Shopcartt.qa.Tests.DashBoardTestCases">
    <skipped/>
  </testcase> <!-- TestStatsTitleText -->
  <testcase name="TestStatsTitleClick" time="0.0" classname="com.Shopcartt.qa.Tests.DashBoardTestCases">
    <skipped/>
  </testcase> <!-- TestStatsTitleClick -->
  <testcase name="TestSearchBoxClick" time="0.0" classname="com.Shopcartt.qa.Tests.DashBoardTestCases">
    <skipped/>
  </testcase> <!-- TestSearchBoxClick -->
  <testcase name="TestSearchBoxDisplayed" time="0.0" classname="com.Shopcartt.qa.Tests.DashBoardTestCases">
    <skipped/>
  </testcase> <!-- TestSearchBoxDisplayed -->
  <testcase name="TestSearchBoxPlaceHolder" time="0.0" classname="com.Shopcartt.qa.Tests.DashBoardTestCases">
    <skipped/>
  </testcase> <!-- TestSearchBoxPlaceHolder -->
  <testcase name="TestDashBoardSearchDropDownClick" time="0.0" classname="com.Shopcartt.qa.Tests.DashBoardTestCases">
    <skipped/>
  </testcase> <!-- TestDashBoardSearchDropDownClick -->
  <testcase name="TestCatalog_ProductsPageClick" time="0.0" classname="com.Shopcartt.qa.Tests.DashBoardTestCases">
    <skipped/>
  </testcase> <!-- TestCatalog_ProductsPageClick -->
  <testcase name="TestCatalog_CategoriesPageClick" time="0.0" classname="com.Shopcartt.qa.Tests.DashBoardTestCases">
    <skipped/>
  </testcase> <!-- TestCatalog_CategoriesPageClick -->
  <testcase name="TestCatalog_MonitoringPageClick" time="0.0" classname="com.Shopcartt.qa.Tests.DashBoardTestCases">
    <skipped/>
  </testcase> <!-- TestCatalog_MonitoringPageClick -->
  <testcase name="TestCatalog_ProductAttributesPageClick" time="0.0" classname="com.Shopcartt.qa.Tests.DashBoardTestCases">
    <skipped/>
  </testcase> <!-- TestCatalog_ProductAttributesPageClick -->
  <testcase name="TestCatalog_ProductFeaturesPageClick" time="0.0" classname="com.Shopcartt.qa.Tests.DashBoardTestCases">
    <skipped/>
  </testcase> <!-- TestCatalog_ProductFeaturesPageClick -->
  <testcase name="TestCatalog_ManufacturersPageClick" time="0.0" classname="com.Shopcartt.qa.Tests.DashBoardTestCases">
    <skipped/>
  </testcase> <!-- TestCatalog_ManufacturersPageClick -->
  <testcase name="TestCatalog_SuppliersPageClick" time="0.0" classname="com.Shopcartt.qa.Tests.DashBoardTestCases">
    <skipped/>
  </testcase> <!-- TestCatalog_SuppliersPageClick -->
  <testcase name="TestCatalog_TagsPageClick" time="0.0" classname="com.Shopcartt.qa.Tests.DashBoardTestCases">
    <skipped/>
  </testcase> <!-- TestCatalog_TagsPageClick -->
  <testcase name="TestCatalog_AttachmentsPageClick" time="0.0" classname="com.Shopcartt.qa.Tests.DashBoardTestCases">
    <skipped/>
  </testcase> <!-- TestCatalog_AttachmentsPageClick -->
  <testcase name="TestProductsTitle" time="0.048" classname="com.Shopcartt.qa.Tests.Catalog_ProductsTestCases"/>
  <testcase name="TestProducts_CatalogDisplayed" time="0.078" classname="com.Shopcartt.qa.Tests.Catalog_ProductsTestCases"/>
  <testcase name="TestProducts_CatalogText" time="0.118" classname="com.Shopcartt.qa.Tests.Catalog_ProductsTestCases"/>
  <testcase name="TestProducts_CatalogClick" time="1.512" classname="com.Shopcartt.qa.Tests.Catalog_ProductsTestCases"/>
  <testcase name="TestProducts_ProductsDisplayed" time="0.156" classname="com.Shopcartt.qa.Tests.Catalog_ProductsTestCases"/>
  <testcase name="TestProducts_ProductsText" time="0.112" classname="com.Shopcartt.qa.Tests.Catalog_ProductsTestCases"/>
  <testcase name="TestProducts_ProductsClick" time="1.283" classname="com.Shopcartt.qa.Tests.Catalog_ProductsTestCases"/>
  <testcase name="TestProducts_PageTitleDisplayed" time="0.062" classname="com.Shopcartt.qa.Tests.Catalog_ProductsTestCases"/>
  <testcase name="TestProducts_AddNewProductButtonDisplayed" time="0.124" classname="com.Shopcartt.qa.Tests.Catalog_ProductsTestCases"/>
  <testcase name="TestProducts_AddNewProductButtonColor" time="0.227" classname="com.Shopcartt.qa.Tests.Catalog_ProductsTestCases"/>
  <testcase name="TestProducts_AddNewProductButtonClick" time="5.096" classname="com.Shopcartt.qa.Tests.Catalog_ProductsTestCases"/>
  <testcase name="TestProducts_AddNewProductText" time="0.124" classname="com.Shopcartt.qa.Tests.Catalog_ProductsTestCases"/>
  <testcase name="TestProducts_AddNewProductTextClick" time="4.018" classname="com.Shopcartt.qa.Tests.Catalog_ProductsTestCases"/>
  <testcase name="TestProducts_AddNewProductTextDisplayed" time="0.093" classname="com.Shopcartt.qa.Tests.Catalog_ProductsTestCases"/>
  <testcase name="TestProducts_RecommendedModulesAndServicesButtonDisplayed" time="0.069" classname="com.Shopcartt.qa.Tests.Catalog_ProductsTestCases"/>
  <testcase name="TestProducts_RecommendedModulesAndServicesButtonColor" time="0.174" classname="com.Shopcartt.qa.Tests.Catalog_ProductsTestCases"/>
  <testcase name="TestProducts_RecommendedModulesAndServicesText" time="0.124" classname="com.Shopcartt.qa.Tests.Catalog_ProductsTestCases"/>
  <testcase name="TestProducts_RecommendedModulesAndServicesTextClick" time="0.168" classname="com.Shopcartt.qa.Tests.Catalog_ProductsTestCases"/>
  <testcase name="TestProducts_RecommendedModulesAndServicesTextDisplayed" time="0.114" classname="com.Shopcartt.qa.Tests.Catalog_ProductsTestCases"/>
  <testcase name="TestgetCatagoriesTitle" time="0.031" classname="com.Shopcartt.qa.Tests.Catalog_CatagoriesTestCases"/>
  <testcase name="TestCategories_CategoriesDisplayed" time="0.148" classname="com.Shopcartt.qa.Tests.Catalog_CatagoriesTestCases"/>
  <testcase name="TestCategories_CategoriesText" time="0.11" classname="com.Shopcartt.qa.Tests.Catalog_CatagoriesTestCases"/>
  <testcase name="TestCategories_CategoriesTitleDisplayed" time="0.078" classname="com.Shopcartt.qa.Tests.Catalog_CatagoriesTestCases"/>
  <testcase name="TestCategories_AddNewCategoryButtonDisplayed" time="0.125" classname="com.Shopcartt.qa.Tests.Catalog_CatagoriesTestCases"/>
  <testcase name="TestCategories_AddNewCategoryButtonClick" time="4.878" classname="com.Shopcartt.qa.Tests.Catalog_CatagoriesTestCases"/>
  <testcase name="TestCategories_AddNewCategoryButtonColor" time="0.183" classname="com.Shopcartt.qa.Tests.Catalog_CatagoriesTestCases"/>
  <testcase name="TestCategories_AddNewCategoryTextDisplayed" time="0.109" classname="com.Shopcartt.qa.Tests.Catalog_CatagoriesTestCases"/>
  <testcase name="TestCategories_AddNewCategoryText" time="0.109" classname="com.Shopcartt.qa.Tests.Catalog_CatagoriesTestCases"/>
  <testcase name="TestCategories_AddNewCategoryTextClick" time="3.724" classname="com.Shopcartt.qa.Tests.Catalog_CatagoriesTestCases"/>
  <testcase name="TestCatalog_MonitoringTitle" time="0.047" classname="com.Shopcartt.qa.Tests.Catalog_MonitoringTestCases"/>
  <testcase name="TestMonitoring_MonitoringDisplayed" time="0.11" classname="com.Shopcartt.qa.Tests.Catalog_MonitoringTestCases"/>
  <testcase name="TestMonitoring_MonitoringClick" time="0.533" classname="com.Shopcartt.qa.Tests.Catalog_MonitoringTestCases"/>
  <testcase name="TestMonitoring_MonitoringText" time="0.0" classname="com.Shopcartt.qa.Tests.Catalog_MonitoringTestCases">
    <skipped/>
  </testcase> <!-- TestMonitoring_MonitoringText -->
  <testcase name="TestMonitoring_PageTitleDisplayed" time="0.0" classname="com.Shopcartt.qa.Tests.Catalog_MonitoringTestCases">
    <skipped/>
  </testcase> <!-- TestMonitoring_PageTitleDisplayed -->
</testsuite> <!-- Test -->
