<?xml version="1.0" encoding="UTF-8"?>
<testng-results skipped="0" failed="0" total="1" passed="1">
  <reporter-output>
  </reporter-output>
  <suite name="Default suite" duration-ms="37242" started-at="2019-05-08T12:03:12Z" finished-at="2019-05-08T12:03:50Z">
    <groups>
    </groups>
    <test name="Default test" duration-ms="37242" started-at="2019-05-08T12:03:12Z" finished-at="2019-05-08T12:03:50Z">
      <class name="com.Shopcartt.qa.Tests.Product_addNewProductTestCase">
        <test-method status="PASS" signature="Catalog_ProductsSetUp()[pri:0, instance:com.Shopcartt.qa.Tests.Product_addNewProductTestCase@6a5fc7f7]" name="Catalog_ProductsSetUp" is-config="true" duration-ms="21952" started-at="2019-05-08T17:33:12Z" finished-at="2019-05-08T17:33:34Z">
          <reporter-output>
          </reporter-output>
        </test-method> <!-- Catalog_ProductsSetUp -->
        <test-method status="PASS" signature="TestNewProductInformation()[pri:0, instance:com.Shopcartt.qa.Tests.Product_addNewProductTestCase@6a5fc7f7]" name="TestNewProductInformation" duration-ms="14103" started-at="2019-05-08T17:33:34Z" finished-at="2019-05-08T17:33:48Z">
          <reporter-output>
          </reporter-output>
        </test-method> <!-- TestNewProductInformation -->
        <test-method status="PASS" signature="Catalog_ProductsQuit()[pri:0, instance:com.Shopcartt.qa.Tests.Product_addNewProductTestCase@6a5fc7f7]" name="Catalog_ProductsQuit" is-config="true" duration-ms="1170" started-at="2019-05-08T17:33:48Z" finished-at="2019-05-08T17:33:50Z">
          <reporter-output>
          </reporter-output>
        </test-method> <!-- Catalog_ProductsQuit -->
      </class> <!-- com.Shopcartt.qa.Tests.Product_addNewProductTestCase -->
    </test> <!-- Default test -->
  </suite> <!-- Default suite -->
</testng-results>
